<?xml version="1.0" encoding="UTF-8"?>
<coverage generated="1605417231931" clover="3.2.0">
  <project timestamp="1605417231931" name="All files">
    <metrics statements="23" coveredstatements="20" conditionals="8" coveredconditionals="7" methods="5" coveredmethods="4" elements="36" coveredelements="31" complexity="0" loc="23" ncloc="23" packages="1" files="3" classes="3"/>
    <file name="index.js" path="C:\Users\wang\Desktop\dotenv-runtime-plugin\lib\index.js">
      <metrics statements="10" coveredstatements="7" conditionals="0" coveredconditionals="0" methods="2" coveredmethods="1"/>
      <line num="1" count="1" type="stmt"/>
      <line num="3" count="1" type="stmt"/>
      <line num="5" count="1" type="stmt"/>
      <line num="6" count="1" type="stmt"/>
      <line num="10" count="4" type="stmt"/>
      <line num="14" count="2" type="stmt"/>
      <line num="19" count="0" type="stmt"/>
      <line num="20" count="0" type="stmt"/>
      <line num="21" count="0" type="stmt"/>
      <line num="28" count="1" type="stmt"/>
    </file>
    <file name="loader.js" path="C:\Users\wang\Desktop\dotenv-runtime-plugin\lib\loader.js">
      <metrics statements="3" coveredstatements="3" conditionals="2" coveredconditionals="2" methods="1" coveredmethods="1"/>
      <line num="1" count="1" type="stmt"/>
      <line num="4" count="2" type="cond" truecount="2" falsecount="0"/>
      <line num="7" count="1" type="stmt"/>
    </file>
    <file name="utils.js" path="C:\Users\wang\Desktop\dotenv-runtime-plugin\lib\utils.js">
      <metrics statements="10" coveredstatements="10" conditionals="6" coveredconditionals="5" methods="2" coveredmethods="2"/>
      <line num="2" count="7" type="stmt"/>
      <line num="4" count="7" type="cond" truecount="2" falsecount="0"/>
      <line num="5" count="4" type="stmt"/>
      <line num="6" count="3" type="cond" truecount="2" falsecount="0"/>
      <line num="7" count="1" type="stmt"/>
      <line num="8" count="2" type="cond" truecount="1" falsecount="1"/>
      <line num="9" count="2" type="stmt"/>
      <line num="10" count="3" type="stmt"/>
      <line num="13" count="7" type="stmt"/>
      <line num="16" count="2" type="stmt"/>
    </file>
  </project>
</coverage>
