TN:
SF:lib\index.js
FN:9,(anonymous_0)
FN:18,(anonymous_1)
FNF:2
FNH:1
FNDA:4,(anonymous_0)
FNDA:0,(anonymous_1)
DA:1,1
DA:3,1
DA:5,1
DA:6,1
DA:10,4
DA:14,2
DA:19,0
DA:20,0
DA:21,0
DA:28,1
LF:10
LH:7
BRF:0
BRH:0
end_of_record
TN:
SF:lib\loader.js
FN:3,loader
FNF:1
FNH:1
FNDA:2,loader
DA:1,1
DA:4,2
DA:7,1
LF:3
LH:3
BRDA:4,0,0,2
BRDA:4,0,1,1
BRF:2
BRH:2
end_of_record
TN:
SF:lib\utils.js
FN:1,prependEntry
FN:9,(anonymous_1)
FNF:2
FNH:2
FNDA:7,prependEntry
FNDA:3,(anonymous_1)
DA:2,7
DA:4,7
DA:5,4
DA:6,3
DA:7,1
DA:8,2
DA:9,2
DA:10,3
DA:13,7
DA:16,2
LF:10
LH:10
BRDA:4,0,0,4
BRDA:4,0,1,3
BRDA:6,1,0,1
BRDA:6,1,1,2
BRDA:8,2,0,2
BRDA:8,2,1,0
BRF:6
BRH:5
end_of_record
